2015-12-28 22:10:13 INFO  MainPage:85 - Search completed
2015-12-28 22:10:57 INFO  MainPage:85 - Search completed
2015-12-28 22:11:16 INFO  MainPage:78 - BBC Music opened
2015-12-28 22:11:43 INFO  MainPage:67 - Top news opened
2015-12-28 22:12:39 INFO  SignInPage:43 - Sign in completed
2015-12-28 22:13:32 INFO  SignInPage:43 - Sign in completed
2015-12-28 22:13:42 INFO  MainPage:61 - Sign out completed
2015-12-28 22:18:03 INFO  Steps:23 - Browser started
2015-12-28 22:18:13 INFO  MainPage:85 - Search completed
2015-12-28 22:18:49 INFO  Steps:23 - Browser started
2015-12-28 22:18:58 INFO  MainPage:85 - Search completed
2015-12-28 22:19:07 INFO  Steps:23 - Browser started
2015-12-28 22:19:14 INFO  MainPage:78 - BBC Music opened
2015-12-28 22:19:35 INFO  Steps:23 - Browser started
2015-12-28 22:19:42 INFO  MainPage:67 - Top news opened
2015-12-28 22:20:16 INFO  Steps:23 - Browser started
2015-12-28 22:20:27 INFO  SignInPage:43 - Sign in completed
2015-12-28 22:20:56 INFO  Steps:23 - Browser started
2015-12-28 22:21:29 INFO  SignInPage:43 - Sign in completed
2015-12-28 22:21:37 INFO  MainPage:61 - Sign out completed
2015-12-28 22:27:14 INFO  Steps:23 - Browser started
2015-12-28 22:27:27 INFO  MainPage:85 - Search completed
2015-12-28 22:30:17 INFO  Steps:23 - Browser started
2015-12-28 22:30:27 INFO  MainPage:85 - Search completed
2015-12-28 22:31:51 INFO  Steps:23 - Browser started
2015-12-28 22:32:00 INFO  MainPage:85 - Search completed
2015-12-28 22:32:34 INFO  Steps:23 - Browser started
2015-12-28 22:32:44 INFO  MainPage:85 - Search completed
2015-12-28 22:32:54 INFO  Steps:23 - Browser started
2015-12-28 22:33:02 INFO  MainPage:78 - BBC Music opened
2015-12-28 22:33:25 INFO  Steps:23 - Browser started
2015-12-28 22:33:33 INFO  MainPage:67 - Top news opened
2015-12-28 22:34:42 INFO  Steps:23 - Browser started
